app/manifest-merger-release-report.txt
-- Merging decision tree log ---
manifest
ADDED from AndroidManifest.xml:2:1
	package
		ADDED from AndroidManifest.xml:3:11
		INJECTED from AndroidManifest.xml:0:0
		INJECTED from AndroidManifest.xml:0:0
	android:versionName
		INJECTED from AndroidManifest.xml:0:0
		INJECTED from AndroidManifest.xml:0:0
	xmlns:android
		ADDED from AndroidManifest.xml:2:11
	android:versionCode
		INJECTED from AndroidManifest.xml:0:0
		INJECTED from AndroidManifest.xml:0:0
uses-permission#android.permission.INTERNET
ADDED from AndroidManifest.xml:4:5
	android:name
		ADDED from AndroidManifest.xml:4:22
uses-permission#android.permission.VIBRATE
ADDED from AndroidManifest.xml:5:5
	android:name
		ADDED from AndroidManifest.xml:5:22
application
ADDED from AndroidManifest.xml:7:5
MERGED from com.android.support:appcompat-v7:22.1.1:22:5
MERGED from com.android.support:support-v4:22.1.1:22:5
MERGED from com.android.support:support-v4:22.1.1:22:5
	android:label
		ADDED from AndroidManifest.xml:10:9
	android:allowBackup
		ADDED from AndroidManifest.xml:8:9
	android:icon
		ADDED from AndroidManifest.xml:9:9
	android:theme
		ADDED from AndroidManifest.xml:11:9
activity#com.example.dominic.naijanews.MainActivity
ADDED from AndroidManifest.xml:12:9
	android:name
		ADDED from AndroidManifest.xml:12:19
intent-filter#android.intent.action.MAIN+android.intent.category.LAUNCHER
ADDED from AndroidManifest.xml:13:13
action#android.intent.action.MAIN
ADDED from AndroidManifest.xml:14:17
	android:name
		ADDED from AndroidManifest.xml:14:25
category#android.intent.category.LAUNCHER
ADDED from AndroidManifest.xml:16:17
	android:name
		ADDED from AndroidManifest.xml:16:27
activity#com.example.dominic.naijanews.itemListActivity
ADDED from AndroidManifest.xml:20:9
	android:label
		ADDED from AndroidManifest.xml:22:13
	android:parentActivityName
		ADDED from AndroidManifest.xml:23:13
	android:name
		ADDED from AndroidManifest.xml:21:13
meta-data#android.support.PARENT_ACTIVITY
ADDED from AndroidManifest.xml:24:13
	android:value
		ADDED from AndroidManifest.xml:26:17
	android:name
		ADDED from AndroidManifest.xml:25:17
activity#com.example.dominic.naijanews.itemDetailActivity
ADDED from AndroidManifest.xml:29:9
	android:label
		ADDED from AndroidManifest.xml:31:13
	android:parentActivityName
		ADDED from AndroidManifest.xml:32:13
	android:name
		ADDED from AndroidManifest.xml:30:13
activity#com.example.dominic.naijanews.MyIntro
ADDED from AndroidManifest.xml:37:9
	android:label
		ADDED from AndroidManifest.xml:39:13
	android:name
		ADDED from AndroidManifest.xml:38:13
activity#com.example.dominic.naijanews.MainActivity1
ADDED from AndroidManifest.xml:41:9
	android:label
		ADDED from AndroidManifest.xml:43:13
	android:name
		ADDED from AndroidManifest.xml:42:13
provider#com.example.dominic.naijanews.db.TaskProvider
ADDED from AndroidManifest.xml:46:9
	android:authorities
		ADDED from AndroidManifest.xml:47:13
	android:name
		ADDED from AndroidManifest.xml:48:13
uses-sdk
INJECTED from AndroidManifest.xml:0:0 reason: use-sdk injection requested
MERGED from com.android.support:appcompat-v7:22.1.1:20:5
MERGED from com.android.support:support-v4:22.1.1:20:5
MERGED from com.android.support:support-v4:22.1.1:20:5
	android:targetSdkVersion
		INJECTED from AndroidManifest.xml:0:0
		INJECTED from AndroidManifest.xml:0:0
	android:minSdkVersion
		INJECTED from AndroidManifest.xml:0:0
		INJECTED from AndroidManifest.xml:0:0